<?xml version="1.0" encoding="UTF-8"?>
<!-- Generated by org.testng.reporters.JUnitXMLReporter -->
<testsuite ignored="1" hostname="DESKTOP-V4DPB1D" failures="1" tests="4" name="Default test(failed)" time="21.842" errors="0" timestamp="2026-04-04T15:42:39 IST">
  <testcase classname="com.ui.tests.LoginTest" name="loginCsvTest" time="1.388">
    <skipped/>
  </testcase> <!-- loginCsvTest -->
  <testcase classname="com.ui.tests.LoginTest" name="loginCsvTest" time="1.311">
    <skipped/>
  </testcase> <!-- loginCsvTest -->
  <testcase classname="com.ui.tests.LoginTest" name="loginCsvTest" time="1.341">
    <skipped/>
  </testcase> <!-- loginCsvTest -->
  <testcase classname="com.ui.tests.LoginTest" name="loginCsvTest" time="1.779">
    <failure type="java.lang.AssertionError" message="expected [Viji gowda1] but found [Viji gowda]">
      <![CDATA[java.lang.AssertionError: expected [Viji gowda1] but found [Viji gowda]
at com.ui.tests.LoginTest.loginCsvTest(LoginTest.java:48)
at java.base/java.util.ArrayList.forEach(ArrayList.java:1596)
... Removed 31 stack frames]]>
    </failure>
  </testcase> <!-- loginCsvTest -->
  <testcase classname="com.ui.tests.LoginTest" name="loginTest" time="0.0">
    <ignored/>
  </testcase> <!-- loginTest -->
</testsuite> <!-- Default test(failed) -->
