<?xml version="1.0" encoding="UTF-8"?>
<!-- Generated by org.testng.reporters.JUnitXMLReporter -->
<testsuite ignored="1" hostname="DESKTOP-V4DPB1D" failures="0" tests="1" name="Default test" time="9.419" errors="0" timestamp="2026-04-04T20:33:22 IST">
  <testcase classname="com.ui.tests.LoginTest" name="loginCsvTest1" time="0.836"/>
  <testcase classname="com.ui.tests.LoginTest" name="loginCsvTest" time="0.0">
    <ignored/>
  </testcase> <!-- loginCsvTest -->
</testsuite> <!-- Default test -->
