<?xml version="1.0" encoding="UTF-8"?>
<!-- Generated by org.testng.reporters.JUnitXMLReporter -->
<testsuite ignored="0" hostname="DESKTOP-V4DPB1D" failures="0" tests="1" name="Login test" time="0.335" errors="0" timestamp="2026-04-05T08:27:10 IST">
  <testcase classname="com.ui.tests.BaseTest" name="@BeforeMethod setup" time="0.164">
    <failure type="java.lang.NullPointerException" message="Cannot invoke &amp;quot;org.openqa.selenium.WebDriver.get(String)&amp;quot; because &amp;quot;this.driver&amp;quot; is null">
      <![CDATA[java.lang.NullPointerException: Cannot invoke "org.openqa.selenium.WebDriver.get(String)" because "this.driver" is null
at com.utility.BrowserUtility.goToWebsite(BrowserUtility.java:90)
at com.ui.pages.HomePage.<init>(HomePage.java:30)
at com.ui.tests.BaseTest.setup(BaseTest.java:27)
at java.base/java.util.concurrent.Executors$RunnableAdapter.call(Executors.java:545)
at java.base/java.util.concurrent.FutureTask.run(FutureTask.java:328)
at java.base/java.util.concurrent.ThreadPoolExecutor.runWorker(ThreadPoolExecutor.java:1090)
at java.base/java.util.concurrent.ThreadPoolExecutor$Worker.run(ThreadPoolExecutor.java:614)
at java.base/java.lang.Thread.run(Thread.java:1474)
... Removed 15 stack frames]]>
    </failure>
  </testcase> <!-- @BeforeMethod setup -->
  <testcase classname="com.ui.tests.LoginTest" name="loginCsvTest1" time="0.001">
    <skipped/>
  </testcase> <!-- loginCsvTest1 -->
</testsuite> <!-- Login test -->
