<?xml version="1.0" encoding="UTF-8"?>
<testng-results retried="3" ignored="0" total="5" passed="1" failed="1" skipped="0">
  <reporter-output>
  </reporter-output>
  <suite started-at="2026-04-04T20:36:30 IST" name="Selenium Auomation suie" finished-at="2026-04-04T20:37:03 IST" duration-ms="32924">
    <groups>
      <group name="sanity">
        <method signature="LoginTest.loginCsvTest(com.ui.pojo.User)[pri:0, instance:com.ui.tests.LoginTest@4afcd809]" name="loginCsvTest" class="com.ui.tests.LoginTest"/>
        <method signature="LoginTest.loginCsvTest1(com.ui.pojo.User)[pri:0, instance:com.ui.tests.LoginTest@4afcd809]" name="loginCsvTest1" class="com.ui.tests.LoginTest"/>
      </group> <!-- sanity -->
      <group name="e2e">
        <method signature="LoginTest.loginCsvTest(com.ui.pojo.User)[pri:0, instance:com.ui.tests.LoginTest@4afcd809]" name="loginCsvTest" class="com.ui.tests.LoginTest"/>
        <method signature="LoginTest.loginCsvTest1(com.ui.pojo.User)[pri:0, instance:com.ui.tests.LoginTest@4afcd809]" name="loginCsvTest1" class="com.ui.tests.LoginTest"/>
      </group> <!-- e2e -->
    </groups>
    <test started-at="2026-04-04T20:36:30 IST" name="Login test" finished-at="2026-04-04T20:37:03 IST" duration-ms="32924">
      <class name="com.ui.tests.LoginTest">
        <test-method is-config="true" signature="setup(java.lang.String,boolean)[pri:0, instance:com.ui.tests.LoginTest@4afcd809]" started-at="2026-04-04T20:36:31 IST" name="setup" description="Load the home page of the website" finished-at="2026-04-04T20:36:38 IST" duration-ms="7716" status="PASS">
          <params>
            <param index="0">
              <value>
                <![CDATA[edge]]>
              </value>
            </param>
            <param index="1">
              <value>
                <![CDATA[false]]>
              </value>
            </param>
          </params>
          <reporter-output>
          </reporter-output>
        </test-method> <!-- setup -->
        <test-method is-config="true" signature="setup(java.lang.String,boolean)[pri:0, instance:com.ui.tests.LoginTest@4afcd809]" started-at="2026-04-04T20:36:31 IST" name="setup" description="Load the home page of the website" finished-at="2026-04-04T20:36:38 IST" duration-ms="7524" status="PASS">
          <params>
            <param index="0">
              <value>
                <![CDATA[edge]]>
              </value>
            </param>
            <param index="1">
              <value>
                <![CDATA[false]]>
              </value>
            </param>
          </params>
          <reporter-output>
          </reporter-output>
        </test-method> <!-- setup -->
        <test-method retried="true" signature="loginCsvTest(com.ui.pojo.User)[pri:0, instance:com.ui.tests.LoginTest@4afcd809]" started-at="2026-04-04T20:36:38 IST" name="loginCsvTest" description="Verify login with valid credentials" data-provider="LoginTestCSVDataProvider" finished-at="2026-04-04T20:36:41 IST" duration-ms="2679" status="SKIP">
          <params>
            <param index="0">
              <value>
                <![CDATA[User [email=9f6a9gtufw@bltiwd.com, password=password]]]>
              </value>
            </param>
          </params>
          <exception class="java.lang.AssertionError">
            <message>
              <![CDATA[expected [Viji gowda1] but found [Viji gowda]]]>
            </message>
            <full-stacktrace>
              <![CDATA[java.lang.AssertionError: expected [Viji gowda1] but found [Viji gowda]
at org.testng.Assert.fail(Assert.java:111)
at org.testng.Assert.failNotEquals(Assert.java:1590)
at org.testng.Assert.assertEqualsImpl(Assert.java:150)
at org.testng.Assert.assertEquals(Assert.java:132)
at org.testng.Assert.assertEquals(Assert.java:656)
at org.testng.Assert.assertEquals(Assert.java:666)
at com.ui.tests.LoginTest.loginCsvTest(LoginTest.java:47)
at java.base/jdk.internal.reflect.DirectMethodHandleAccessor.invoke(DirectMethodHandleAccessor.java:103)
at java.base/java.lang.reflect.Method.invoke(Method.java:580)
at org.testng.internal.invokers.MethodInvocationHelper.invokeMethod(MethodInvocationHelper.java:141)
at org.testng.internal.invokers.TestInvoker.invokeMethod(TestInvoker.java:697)
at org.testng.internal.invokers.TestInvoker.invokeTestMethod(TestInvoker.java:230)
at org.testng.internal.invokers.MethodRunner.runInSequence(MethodRunner.java:63)
at org.testng.internal.invokers.TestInvoker$MethodInvocationAgent.invoke(TestInvoker.java:1005)
at org.testng.internal.invokers.TestInvoker.invokeTestMethods(TestInvoker.java:203)
at org.testng.internal.invokers.TestMethodWorker.invokeTestMethods(TestMethodWorker.java:154)
at org.testng.internal.invokers.TestMethodWorker.run(TestMethodWorker.java:134)
at java.base/java.util.concurrent.Executors$RunnableAdapter.call(Executors.java:572)
at java.base/java.util.concurrent.FutureTask.run(FutureTask.java:317)
at org.testng.internal.thread.graph.TestNGFutureTask.run(TestNGFutureTask.java:22)
at java.base/java.util.concurrent.ThreadPoolExecutor.runWorker(ThreadPoolExecutor.java:1144)
at java.base/java.util.concurrent.ThreadPoolExecutor$Worker.run(ThreadPoolExecutor.java:642)
at java.base/java.lang.Thread.run(Thread.java:1583)
]]>
            </full-stacktrace>
          </exception> <!-- java.lang.AssertionError -->
          <reporter-output>
          </reporter-output>
        </test-method> <!-- loginCsvTest -->
        <test-method signature="loginCsvTest1(com.ui.pojo.User)[pri:0, instance:com.ui.tests.LoginTest@4afcd809]" started-at="2026-04-04T20:36:38 IST" name="loginCsvTest1" description="Verify login with valid credentials" data-provider="LoginTestCSVDataProvider" finished-at="2026-04-04T20:36:41 IST" duration-ms="2469" status="PASS">
          <params>
            <param index="0">
              <value>
                <![CDATA[User [email=9f6a9gtufw@bltiwd.com, password=password]]]>
              </value>
            </param>
          </params>
          <reporter-output>
          </reporter-output>
        </test-method> <!-- loginCsvTest1 -->
        <test-method is-config="true" signature="setup(java.lang.String,boolean)[pri:0, instance:com.ui.tests.LoginTest@4afcd809]" started-at="2026-04-04T20:36:41 IST" name="setup" description="Load the home page of the website" finished-at="2026-04-04T20:36:46 IST" duration-ms="5477" status="PASS">
          <params>
            <param index="0">
              <value>
                <![CDATA[edge]]>
              </value>
            </param>
            <param index="1">
              <value>
                <![CDATA[false]]>
              </value>
            </param>
          </params>
          <reporter-output>
          </reporter-output>
        </test-method> <!-- setup -->
        <test-method retried="true" signature="loginCsvTest(com.ui.pojo.User)[pri:0, instance:com.ui.tests.LoginTest@4afcd809]" started-at="2026-04-04T20:36:46 IST" name="loginCsvTest" description="Verify login with valid credentials" data-provider="LoginTestCSVDataProvider" finished-at="2026-04-04T20:36:48 IST" duration-ms="1673" status="SKIP">
          <params>
            <param index="0">
              <value>
                <![CDATA[User [email=9f6a9gtufw@bltiwd.com, password=password]]]>
              </value>
            </param>
          </params>
          <exception class="java.lang.AssertionError">
            <message>
              <![CDATA[expected [Viji gowda1] but found [Viji gowda]]]>
            </message>
            <full-stacktrace>
              <![CDATA[java.lang.AssertionError: expected [Viji gowda1] but found [Viji gowda]
at org.testng.Assert.fail(Assert.java:111)
at org.testng.Assert.failNotEquals(Assert.java:1590)
at org.testng.Assert.assertEqualsImpl(Assert.java:150)
at org.testng.Assert.assertEquals(Assert.java:132)
at org.testng.Assert.assertEquals(Assert.java:656)
at org.testng.Assert.assertEquals(Assert.java:666)
at com.ui.tests.LoginTest.loginCsvTest(LoginTest.java:47)
at java.base/jdk.internal.reflect.DirectMethodHandleAccessor.invoke(DirectMethodHandleAccessor.java:103)
at java.base/java.lang.reflect.Method.invoke(Method.java:580)
at org.testng.internal.invokers.MethodInvocationHelper.invokeMethod(MethodInvocationHelper.java:141)
at org.testng.internal.invokers.TestInvoker.invokeMethod(TestInvoker.java:697)
at org.testng.internal.invokers.TestInvoker.retryFailed(TestInvoker.java:280)
at org.testng.internal.invokers.MethodRunner.runInSequence(MethodRunner.java:76)
at org.testng.internal.invokers.TestInvoker$MethodInvocationAgent.invoke(TestInvoker.java:1005)
at org.testng.internal.invokers.TestInvoker.invokeTestMethods(TestInvoker.java:203)
at org.testng.internal.invokers.TestMethodWorker.invokeTestMethods(TestMethodWorker.java:154)
at org.testng.internal.invokers.TestMethodWorker.run(TestMethodWorker.java:134)
at java.base/java.util.concurrent.Executors$RunnableAdapter.call(Executors.java:572)
at java.base/java.util.concurrent.FutureTask.run(FutureTask.java:317)
at org.testng.internal.thread.graph.TestNGFutureTask.run(TestNGFutureTask.java:22)
at java.base/java.util.concurrent.ThreadPoolExecutor.runWorker(ThreadPoolExecutor.java:1144)
at java.base/java.util.concurrent.ThreadPoolExecutor$Worker.run(ThreadPoolExecutor.java:642)
at java.base/java.lang.Thread.run(Thread.java:1583)
]]>
            </full-stacktrace>
          </exception> <!-- java.lang.AssertionError -->
          <reporter-output>
          </reporter-output>
        </test-method> <!-- loginCsvTest -->
        <test-method is-config="true" signature="setup(java.lang.String,boolean)[pri:0, instance:com.ui.tests.LoginTest@4afcd809]" started-at="2026-04-04T20:36:48 IST" name="setup" description="Load the home page of the website" finished-at="2026-04-04T20:36:52 IST" duration-ms="3641" status="PASS">
          <params>
            <param index="0">
              <value>
                <![CDATA[edge]]>
              </value>
            </param>
            <param index="1">
              <value>
                <![CDATA[false]]>
              </value>
            </param>
          </params>
          <reporter-output>
          </reporter-output>
        </test-method> <!-- setup -->
        <test-method retried="true" signature="loginCsvTest(com.ui.pojo.User)[pri:0, instance:com.ui.tests.LoginTest@4afcd809]" started-at="2026-04-04T20:36:52 IST" name="loginCsvTest" description="Verify login with valid credentials" data-provider="LoginTestCSVDataProvider" finished-at="2026-04-04T20:36:53 IST" duration-ms="1439" status="SKIP">
          <params>
            <param index="0">
              <value>
                <![CDATA[User [email=9f6a9gtufw@bltiwd.com, password=password]]]>
              </value>
            </param>
          </params>
          <exception class="java.lang.AssertionError">
            <message>
              <![CDATA[expected [Viji gowda1] but found [Viji gowda]]]>
            </message>
            <full-stacktrace>
              <![CDATA[java.lang.AssertionError: expected [Viji gowda1] but found [Viji gowda]
at org.testng.Assert.fail(Assert.java:111)
at org.testng.Assert.failNotEquals(Assert.java:1590)
at org.testng.Assert.assertEqualsImpl(Assert.java:150)
at org.testng.Assert.assertEquals(Assert.java:132)
at org.testng.Assert.assertEquals(Assert.java:656)
at org.testng.Assert.assertEquals(Assert.java:666)
at com.ui.tests.LoginTest.loginCsvTest(LoginTest.java:47)
at java.base/jdk.internal.reflect.DirectMethodHandleAccessor.invoke(DirectMethodHandleAccessor.java:103)
at java.base/java.lang.reflect.Method.invoke(Method.java:580)
at org.testng.internal.invokers.MethodInvocationHelper.invokeMethod(MethodInvocationHelper.java:141)
at org.testng.internal.invokers.TestInvoker.invokeMethod(TestInvoker.java:697)
at org.testng.internal.invokers.TestInvoker.retryFailed(TestInvoker.java:280)
at org.testng.internal.invokers.MethodRunner.runInSequence(MethodRunner.java:76)
at org.testng.internal.invokers.TestInvoker$MethodInvocationAgent.invoke(TestInvoker.java:1005)
at org.testng.internal.invokers.TestInvoker.invokeTestMethods(TestInvoker.java:203)
at org.testng.internal.invokers.TestMethodWorker.invokeTestMethods(TestMethodWorker.java:154)
at org.testng.internal.invokers.TestMethodWorker.run(TestMethodWorker.java:134)
at java.base/java.util.concurrent.Executors$RunnableAdapter.call(Executors.java:572)
at java.base/java.util.concurrent.FutureTask.run(FutureTask.java:317)
at org.testng.internal.thread.graph.TestNGFutureTask.run(TestNGFutureTask.java:22)
at java.base/java.util.concurrent.ThreadPoolExecutor.runWorker(ThreadPoolExecutor.java:1144)
at java.base/java.util.concurrent.ThreadPoolExecutor$Worker.run(ThreadPoolExecutor.java:642)
at java.base/java.lang.Thread.run(Thread.java:1583)
]]>
            </full-stacktrace>
          </exception> <!-- java.lang.AssertionError -->
          <reporter-output>
          </reporter-output>
        </test-method> <!-- loginCsvTest -->
        <test-method is-config="true" signature="setup(java.lang.String,boolean)[pri:0, instance:com.ui.tests.LoginTest@4afcd809]" started-at="2026-04-04T20:36:53 IST" name="setup" description="Load the home page of the website" finished-at="2026-04-04T20:37:02 IST" duration-ms="8635" status="PASS">
          <params>
            <param index="0">
              <value>
                <![CDATA[edge]]>
              </value>
            </param>
            <param index="1">
              <value>
                <![CDATA[false]]>
              </value>
            </param>
          </params>
          <reporter-output>
          </reporter-output>
        </test-method> <!-- setup -->
        <test-method signature="loginCsvTest(com.ui.pojo.User)[pri:0, instance:com.ui.tests.LoginTest@4afcd809]" started-at="2026-04-04T20:37:02 IST" name="loginCsvTest" description="Verify login with valid credentials" data-provider="LoginTestCSVDataProvider" finished-at="2026-04-04T20:37:03 IST" duration-ms="1639" status="FAIL">
          <params>
            <param index="0">
              <value>
                <![CDATA[User [email=9f6a9gtufw@bltiwd.com, password=password]]]>
              </value>
            </param>
          </params>
          <exception class="java.lang.AssertionError">
            <message>
              <![CDATA[expected [Viji gowda1] but found [Viji gowda]]]>
            </message>
            <full-stacktrace>
              <![CDATA[java.lang.AssertionError: expected [Viji gowda1] but found [Viji gowda]
at org.testng.Assert.fail(Assert.java:111)
at org.testng.Assert.failNotEquals(Assert.java:1590)
at org.testng.Assert.assertEqualsImpl(Assert.java:150)
at org.testng.Assert.assertEquals(Assert.java:132)
at org.testng.Assert.assertEquals(Assert.java:656)
at org.testng.Assert.assertEquals(Assert.java:666)
at com.ui.tests.LoginTest.loginCsvTest(LoginTest.java:47)
at java.base/jdk.internal.reflect.DirectMethodHandleAccessor.invoke(DirectMethodHandleAccessor.java:103)
at java.base/java.lang.reflect.Method.invoke(Method.java:580)
at org.testng.internal.invokers.MethodInvocationHelper.invokeMethod(MethodInvocationHelper.java:141)
at org.testng.internal.invokers.TestInvoker.invokeMethod(TestInvoker.java:697)
at org.testng.internal.invokers.TestInvoker.retryFailed(TestInvoker.java:280)
at org.testng.internal.invokers.MethodRunner.runInSequence(MethodRunner.java:76)
at org.testng.internal.invokers.TestInvoker$MethodInvocationAgent.invoke(TestInvoker.java:1005)
at org.testng.internal.invokers.TestInvoker.invokeTestMethods(TestInvoker.java:203)
at org.testng.internal.invokers.TestMethodWorker.invokeTestMethods(TestMethodWorker.java:154)
at org.testng.internal.invokers.TestMethodWorker.run(TestMethodWorker.java:134)
at java.base/java.util.concurrent.Executors$RunnableAdapter.call(Executors.java:572)
at java.base/java.util.concurrent.FutureTask.run(FutureTask.java:317)
at org.testng.internal.thread.graph.TestNGFutureTask.run(TestNGFutureTask.java:22)
at java.base/java.util.concurrent.ThreadPoolExecutor.runWorker(ThreadPoolExecutor.java:1144)
at java.base/java.util.concurrent.ThreadPoolExecutor$Worker.run(ThreadPoolExecutor.java:642)
at java.base/java.lang.Thread.run(Thread.java:1583)
]]>
            </full-stacktrace>
          </exception> <!-- java.lang.AssertionError -->
          <reporter-output>
          </reporter-output>
        </test-method> <!-- loginCsvTest -->
      </class> <!-- com.ui.tests.LoginTest -->
    </test> <!-- Login test -->
  </suite> <!-- Selenium Auomation suie -->
</testng-results>
