<?xml version="1.0" encoding="UTF-8"?>
<!-- Generated by org.testng.reporters.JUnitXMLReporter -->
<testsuite ignored="0" hostname="DESKTOP-V4DPB1D" failures="1" tests="5" name="Login test" time="32.924" errors="0" timestamp="2026-04-04T20:37:03 IST">
  <testcase classname="com.ui.tests.LoginTest" name="loginCsvTest1" time="2.469"/>
  <testcase classname="com.ui.tests.LoginTest" name="loginCsvTest" time="2.679">
    <skipped/>
  </testcase> <!-- loginCsvTest -->
  <testcase classname="com.ui.tests.LoginTest" name="loginCsvTest" time="1.673">
    <skipped/>
  </testcase> <!-- loginCsvTest -->
  <testcase classname="com.ui.tests.LoginTest" name="loginCsvTest" time="1.439">
    <skipped/>
  </testcase> <!-- loginCsvTest -->
  <testcase classname="com.ui.tests.LoginTest" name="loginCsvTest" time="1.639">
    <failure type="java.lang.AssertionError" message="expected [Viji gowda1] but found [Viji gowda]">
      <![CDATA[java.lang.AssertionError: expected [Viji gowda1] but found [Viji gowda]
at com.ui.tests.LoginTest.loginCsvTest(LoginTest.java:47)
at java.base/java.util.concurrent.Executors$RunnableAdapter.call(Executors.java:572)
at java.base/java.util.concurrent.FutureTask.run(FutureTask.java:317)
at java.base/java.util.concurrent.ThreadPoolExecutor.runWorker(ThreadPoolExecutor.java:1144)
at java.base/java.util.concurrent.ThreadPoolExecutor$Worker.run(ThreadPoolExecutor.java:642)
at java.base/java.lang.Thread.run(Thread.java:1583)
... Removed 17 stack frames]]>
    </failure>
  </testcase> <!-- loginCsvTest -->
</testsuite> <!-- Login test -->
